# JRE version: Java(TM) SE Runtime Environment (8.0_05-b13) (build 1.8.0_05-b13)
# Java VM: Java HotSpot(TM) 64-Bit Server VM (25.5-b02 mixed mode bsd-amd64 compressed oops)
Heap:
 PSYoungGen      total 10752K, used 2173K [0x00000007aab00000, 0x00000007ac000000, 0x00000007c0000000)
  eden space 10240K, 19% used [0x00000007aab00000,0x00000007aacff6c0,0x00000007ab500000)
  from space 512K, 25% used [0x00000007abf80000,0x00000007abfa0000,0x00000007ac000000)
  to   space 512K, 0% used [0x00000007abf00000,0x00000007abf00000,0x00000007abf80000)
 ParOldGen       total 64000K, used 5779K [0x0000000780000000, 0x0000000783e80000, 0x00000007aab00000)
  object space 64000K, 9% used [0x0000000780000000,0x00000007805a4c80,0x0000000783e80000)
 Metaspace       used 14082K, capacity 14260K, committed 14464K, reserved 1062912K
  class space    used 1863K, capacity 1914K, committed 1920K, reserved 1048576K
GC Heap History (10 events):
Event: 35.759 GC heap before
{Heap before GC invocations=58 (full 0):
 PSYoungGen      total 10752K, used 10336K [0x00000007aab00000, 0x00000007ac000000, 0x00000007c0000000)
  eden space 10240K, 100% used [0x00000007aab00000,0x00000007ab500000,0x00000007ab500000)
  from space 512K, 18% used [0x00000007abf00000,0x00000007abf18000,0x00000007abf80000)
  to   space 512K, 0% used [0x00000007abf80000,0x00000007abf80000,0x00000007ac000000)
 ParOldGen       total 64000K, used 5667K [0x0000000780000000, 0x0000000783e80000, 0x00000007aab00000)
  object space 64000K, 8% used [0x0000000780000000,0x0000000780588c70,0x0000000783e80000)
 Metaspace       used 13950K, capacity 14098K, committed 14208K, reserved 1060864K
  class space    used 1838K, capacity 1880K, committed 1920K, reserved 1048576K
Event: 35.760 GC heap after
Heap after GC invocations=58 (full 0):
 PSYoungGen      total 10752K, used 64K [0x00000007aab00000, 0x00000007ac000000, 0x00000007c0000000)
  eden space 10240K, 0% used [0x00000007aab00000,0x00000007aab00000,0x00000007ab500000)
  from space 512K, 12% used [0x00000007abf80000,0x00000007abf90000,0x00000007ac000000)
  to   space 512K, 0% used [0x00000007abf00000,0x00000007abf00000,0x00000007abf80000)
 ParOldGen       total 64000K, used 5683K [0x0000000780000000, 0x0000000783e80000, 0x00000007aab00000)
  object space 64000K, 8% used [0x0000000780000000,0x000000078058cc70,0x0000000783e80000)
 Metaspace       used 13950K, capacity 14098K, committed 14208K, reserved 1060864K
  class space    used 1838K, capacity 1880K, committed 1920K, reserved 1048576K
}
Event: 36.479 GC heap before
{Heap before GC invocations=59 (full 0):
 PSYoungGen      total 10752K, used 10304K [0x00000007aab00000, 0x00000007ac000000, 0x00000007c0000000)
  eden space 10240K, 100% used [0x00000007aab00000,0x00000007ab500000,0x00000007ab500000)
  from space 512K, 12% used [0x00000007abf80000,0x00000007abf90000,0x00000007ac000000)
  to   space 512K, 0% used [0x00000007abf00000,0x00000007abf00000,0x00000007abf80000)
 ParOldGen       total 64000K, used 5683K [0x0000000780000000, 0x0000000783e80000, 0x00000007aab00000)
  object space 64000K, 8% used [0x0000000780000000,0x000000078058cc70,0x0000000783e80000)
 Metaspace       used 13951K, capacity 14098K, committed 14208K, reserved 1060864K
  class space    used 1839K, capacity 1880K, committed 1920K, reserved 1048576K
Event: 36.481 GC heap after
Heap after GC invocations=59 (full 0):
 PSYoungGen      total 10752K, used 96K [0x00000007aab00000, 0x00000007ac000000, 0x00000007c0000000)
  eden space 10240K, 0% used [0x00000007aab00000,0x00000007aab00000,0x00000007ab500000)
  from space 512K, 18% used [0x00000007abf00000,0x00000007abf18000,0x00000007abf80000)
  to   space 512K, 0% used [0x00000007abf80000,0x00000007abf80000,0x00000007ac000000)
 ParOldGen       total 64000K, used 5691K [0x0000000780000000, 0x0000000783e80000, 0x00000007aab00000)
  object space 64000K, 8% used [0x0000000780000000,0x000000078058ec70,0x0000000783e80000)
 Metaspace       used 13951K, capacity 14098K, committed 14208K, reserved 1060864K
  class space    used 1839K, capacity 1880K, committed 1920K, reserved 1048576K
}
Event: 37.221 GC heap before
{Heap before GC invocations=60 (full 0):
 PSYoungGen      total 10752K, used 10336K [0x00000007aab00000, 0x00000007ac000000, 0x00000007c0000000)
  eden space 10240K, 100% used [0x00000007aab00000,0x00000007ab500000,0x00000007ab500000)
  from space 512K, 18% used [0x00000007abf00000,0x00000007abf18000,0x00000007abf80000)
  to   space 512K, 0% used [0x00000007abf80000,0x00000007abf80000,0x00000007ac000000)
 ParOldGen       total 64000K, used 5691K [0x0000000780000000, 0x0000000783e80000, 0x00000007aab00000)
  object space 64000K, 8% used [0x0000000780000000,0x000000078058ec70,0x0000000783e80000)
 Metaspace       used 13951K, capacity 14098K, committed 14208K, reserved 1060864K
  class space    used 1839K, capacity 1880K, committed 1920K, reserved 1048576K
Event: 37.223 GC heap after
Heap after GC invocations=60 (full 0):
 PSYoungGen      total 10752K, used 64K [0x00000007aab00000, 0x00000007ac000000, 0x00000007c0000000)
  eden space 10240K, 0% used [0x00000007aab00000,0x00000007aab00000,0x00000007ab500000)
  from space 512K, 12% used [0x00000007abf80000,0x00000007abf90000,0x00000007ac000000)
  to   space 512K, 0% used [0x00000007abf00000,0x00000007abf00000,0x00000007abf80000)
 ParOldGen       total 64000K, used 5707K [0x0000000780000000, 0x0000000783e80000, 0x00000007aab00000)
  object space 64000K, 8% used [0x0000000780000000,0x0000000780592c70,0x0000000783e80000)
 Metaspace       used 13951K, capacity 14098K, committed 14208K, reserved 1060864K
  class space    used 1839K, capacity 1880K, committed 1920K, reserved 1048576K
}
Event: 37.919 GC heap before
{Heap before GC invocations=61 (full 0):
 PSYoungGen      total 10752K, used 10304K [0x00000007aab00000, 0x00000007ac000000, 0x00000007c0000000)
  eden space 10240K, 100% used [0x00000007aab00000,0x00000007ab500000,0x00000007ab500000)
  from space 512K, 12% used [0x00000007abf80000,0x00000007abf90000,0x00000007ac000000)
  to   space 512K, 0% used [0x00000007abf00000,0x00000007abf00000,0x00000007abf80000)
 ParOldGen       total 64000K, used 5707K [0x0000000780000000, 0x0000000783e80000, 0x00000007aab00000)
  object space 64000K, 8% used [0x0000000780000000,0x0000000780592c70,0x0000000783e80000)
 Metaspace       used 14081K, capacity 14260K, committed 14464K, reserved 1062912K
  class space    used 1863K, capacity 1914K, committed 1920K, reserved 1048576K
Event: 37.920 GC heap after
Heap after GC invocations=61 (full 0):
 PSYoungGen      total 10752K, used 192K [0x00000007aab00000, 0x00000007ac000000, 0x00000007c0000000)
  eden space 10240K, 0% used [0x00000007aab00000,0x00000007aab00000,0x00000007ab500000)
  from space 512K, 37% used [0x00000007abf00000,0x00000007abf30000,0x00000007abf80000)
  to   space 512K, 0% used [0x00000007abf80000,0x00000007abf80000,0x00000007ac000000)
 ParOldGen       total 64000K, used 5707K [0x0000000780000000, 0x0000000783e80000, 0x00000007aab00000)
  object space 64000K, 8% used [0x0000000780000000,0x0000000780592c70,0x0000000783e80000)
 Metaspace       used 14081K, capacity 14260K, committed 14464K, reserved 1062912K
  class space    used 1863K, capacity 1914K, committed 1920K, reserved 1048576K
}
Event: 38.783 GC heap before
{Heap before GC invocations=62 (full 0):
 PSYoungGen      total 10752K, used 10432K [0x00000007aab00000, 0x00000007ac000000, 0x00000007c0000000)
  eden space 10240K, 100% used [0x00000007aab00000,0x00000007ab500000,0x00000007ab500000)
  from space 512K, 37% used [0x00000007abf00000,0x00000007abf30000,0x00000007abf80000)
  to   space 512K, 0% used [0x00000007abf80000,0x00000007abf80000,0x00000007ac000000)
 ParOldGen       total 64000K, used 5707K [0x0000000780000000, 0x0000000783e80000, 0x00000007aab00000)
  object space 64000K, 8% used [0x0000000780000000,0x0000000780592c70,0x0000000783e80000)
 Metaspace       used 14082K, capacity 14260K, committed 14464K, reserved 1062912K
  class space    used 1863K, capacity 1914K, committed 1920K, reserved 1048576K
Event: 38.785 GC heap after
Heap after GC invocations=62 (full 0):
 PSYoungGen      total 10752K, used 128K [0x00000007aab00000, 0x00000007ac000000, 0x00000007c0000000)
  eden space 10240K, 0% used [0x00000007aab00000,0x00000007aab00000,0x00000007ab500000)
  from space 512K, 25% used [0x00000007abf80000,0x00000007abfa0000,0x00000007ac000000)
  to   space 512K, 0% used [0x00000007abf00000,0x00000007abf00000,0x00000007abf80000)
 ParOldGen       total 64000K, used 5779K [0x0000000780000000, 0x0000000783e80000, 0x00000007aab00000)
  object space 64000K, 9% used [0x0000000780000000,0x00000007805a4c80,0x0000000783e80000)
 Metaspace       used 14082K, capacity 14260K, committed 14464K, reserved 1062912K
  class space    used 1863K, capacity 1914K, committed 1920K, reserved 1048576K
}

